C:\USERS\BRYAN\DOCUMENTS\VISUAL STUDIO 2012\PROJECTS\PKINECT\PKINECT\RELEASE\PKINECT.PCH
C:\USERS\BRYAN\DOCUMENTS\VISUAL STUDIO 2012\PROJECTS\PKINECT\PKINECT\RELEASE\STDAFX.OBJ
C:\USERS\BRYAN\DOCUMENTS\VISUAL STUDIO 2012\PROJECTS\PKINECT\PKINECT\RELEASE\VC110.PDB
C:\USERS\BRYAN\DOCUMENTS\VISUAL STUDIO 2012\PROJECTS\PKINECT\PKINECT\RELEASE\DLLMAIN.OBJ
C:\USERS\BRYAN\DOCUMENTS\VISUAL STUDIO 2012\PROJECTS\PKINECT\PKINECT\RELEASE\PKINECT.OBJ
C:\USERS\BRYAN\DOCUMENTS\VISUAL STUDIO 2012\PROJECTS\PKINECT\RELEASE\PKINECT.DLL
C:\USERS\BRYAN\DOCUMENTS\VISUAL STUDIO 2012\PROJECTS\PKINECT\RELEASE\PKINECT.PDB
c:\Users\bryan\documents\visual studio 2012\Projects\PKinect\PKinect\Release\dllmain.obj
c:\Users\bryan\documents\visual studio 2012\Projects\PKinect\PKinect\Release\PKinect.obj
c:\Users\bryan\documents\visual studio 2012\Projects\PKinect\PKinect\Release\stdafx.obj
c:\Users\bryan\documents\visual studio 2012\Projects\PKinect\PKinect\Release\cl.command.1.tlog
c:\Users\bryan\documents\visual studio 2012\Projects\PKinect\PKinect\Release\CL.read.1.tlog
c:\Users\bryan\documents\visual studio 2012\Projects\PKinect\PKinect\Release\CL.write.1.tlog
c:\Users\bryan\documents\visual studio 2012\Projects\PKinect\PKinect\Release\link-cvtres.read.1.tlog
c:\Users\bryan\documents\visual studio 2012\Projects\PKinect\PKinect\Release\link-cvtres.write.1.tlog
c:\Users\bryan\documents\visual studio 2012\Projects\PKinect\PKinect\Release\link-rc.read.1.tlog
c:\Users\bryan\documents\visual studio 2012\Projects\PKinect\PKinect\Release\link-rc.write.1.tlog
c:\Users\bryan\documents\visual studio 2012\Projects\PKinect\PKinect\Release\link.command.1.tlog
c:\Users\bryan\documents\visual studio 2012\Projects\PKinect\PKinect\Release\link.read.1.tlog
c:\Users\bryan\documents\visual studio 2012\Projects\PKinect\PKinect\Release\link.write.1.tlog
c:\Users\bryan\documents\visual studio 2012\Projects\PKinect\PKinect\Release\PKinect.pch
c:\Users\bryan\documents\visual studio 2012\Projects\PKinect\PKinect\Release\vc110.pdb
c:\users\bryan\documents\visual studio 2012\Projects\PKinect\Release\PKinect.pdb
c:\users\bryan\documents\visual studio 2012\Projects\PKinect\Release\PKinect.dll
